<?xml version="1.0" encoding="UTF-8"?>
<!-- Generated by org.testng.reporters.JUnitReportReporter -->
<testsuite hostname="DehurySabyasachi" failures="0" tests="1" name="actitime.testScript.Title" time="23.361" errors="0" timestamp="2023-02-04T10:53:41 IST" skipped="0">
  <testcase classname="actitime.testScript.Title" name="getTitle" time="23.361"/>
  <system-out>
    <![CDATA[Fetch title successfully
TC is passed]]>
  </system-out>
</testsuite> <!-- actitime.testScript.Title -->
