<?xml version="1.0" encoding="UTF-8"?>
<!-- Generated by org.testng.reporters.JUnitReportReporter -->
<testsuite hostname="DehurySabyasachi" failures="0" tests="5" name="actitime.testScript.FlipkartDataprovider" time="309.844" errors="0" timestamp="2023-02-06T12:28:12 IST" skipped="0">
  <testcase classname="actitime.testScript.FlipkartDataprovider" name="Flipkart" time="109.683"/>
  <system-out/>
  <testcase classname="actitime.testScript.FlipkartDataprovider" name="Flipkart" time="39.423"/>
  <system-out/>
  <testcase classname="actitime.testScript.FlipkartDataprovider" name="Flipkart" time="64.566"/>
  <system-out/>
  <testcase classname="actitime.testScript.FlipkartDataprovider" name="Flipkart" time="40.424"/>
  <system-out/>
  <testcase classname="actitime.testScript.FlipkartDataprovider" name="Flipkart" time="55.748"/>
  <system-out/>
</testsuite> <!-- actitime.testScript.FlipkartDataprovider -->
