<?xml version="1.0" encoding="UTF-8"?>
<!-- Generated by org.testng.reporters.JUnitReportReporter -->
<testsuite hostname="DehurySabyasachi" failures="0" tests="1" name="actitime.testScript.CustomerCreation" time="45.208" errors="0" timestamp="2023-02-04T10:57:59 IST" skipped="0">
  <testcase classname="actitime.testScript.CustomerCreation" name="createCustomer" time="45.208"/>
  <system-out/>
</testsuite> <!-- actitime.testScript.CustomerCreation -->
