<?xml version="1.0" encoding="UTF-8"?>
<!-- Generated by org.testng.reporters.JUnitReportReporter -->
<testsuite hostname="DehurySabyasachi" failures="0" tests="1" name="actitime.testScript.TypesOfWork" time="43.816" errors="0" timestamp="2023-02-06T22:51:34 IST" skipped="0">
  <testcase classname="actitime.testScript.TypesOfWork" name="work" time="43.816"/>
  <system-out/>
</testsuite> <!-- actitime.testScript.TypesOfWork -->
