<?xml version="1.0" encoding="UTF-8"?>
<!-- Generated by org.testng.reporters.JUnitReportReporter -->
<testsuite hostname="DehurySabyasachi" failures="0" tests="1" name="actitime.testScript.DropdownHandling" time="64.724" errors="0" timestamp="2023-02-07T12:28:42 IST" skipped="0">
  <testcase classname="actitime.testScript.DropdownHandling" name="DropDown" time="64.724"/>
  <system-out/>
</testsuite> <!-- actitime.testScript.DropdownHandling -->
